

Processing Rails::InfoController#properties (for 127.0.0.1 at 2010-03-13 16:20:16) [GET]
  [4;36;1mSQL (0.4ms)[0m   [0;1m SELECT name
 FROM sqlite_master
 WHERE type = 'table' AND NOT name = 'sqlite_sequence'
[0m
Completed in 167ms (View: 38, DB: 0) | 200 OK [http://localhost/rails/info/properties]


Processing ApplicationController#index (for 127.0.0.1 at 2010-03-13 16:31:05) [GET]

ActionController::RoutingError (No route matches "/greeting" with {:method=>:get}):
  

Rendering rescues/layout (not_found)


Processing ApplicationController#index (for 127.0.0.1 at 2010-03-13 16:37:19) [GET]

ActionController::RoutingError (No route matches "/greeting" with {:method=>:get}):
  

Rendering rescues/layout (not_found)


Processing ApplicationController#index (for 127.0.0.1 at 2010-03-13 16:37:23) [GET]

ActionController::RoutingError (No route matches "/greeting" with {:method=>:get}):
  

Rendering rescues/layout (not_found)


Processing ApplicationController#index (for 127.0.0.1 at 2010-03-13 16:37:55) [GET]

ActionController::RoutingError (No route matches "/greeting" with {:method=>:get}):
  

Rendering rescues/layout (not_found)


Processing ApplicationController#index (for 127.0.0.1 at 2010-03-13 16:38:36) [GET]

ActionController::RoutingError (No route matches "/greeting" with {:method=>:get}):
  

Rendering rescues/layout (not_found)


Processing ApplicationController#index (for 127.0.0.1 at 2010-03-13 16:43:01) [GET]

ActionController::RoutingError (No route matches "/greeting" with {:method=>:get}):
  

Rendering rescues/layout (not_found)


Processing ApplicationController#index (for 127.0.0.1 at 2010-03-13 16:45:01) [GET]

ActionController::RoutingError (No route matches "/greetings" with {:method=>:get}):
  

Rendering rescues/layout (not_found)


Processing ApplicationController#index (for 127.0.0.1 at 2010-03-13 16:46:10) [GET]

ActionController::RoutingError (No route matches "/greeting" with {:method=>:get}):
  

Rendering rescues/layout (not_found)


Processing ApplicationController#index (for 127.0.0.1 at 2010-03-13 16:46:18) [GET]

ActionController::RoutingError (No route matches "/greeting/index" with {:method=>:get}):
  

Rendering rescues/layout (not_found)


Processing ApplicationController#index (for 127.0.0.1 at 2010-03-13 16:47:03) [GET]

ActionController::RoutingError (No route matches "/greeting/index/2" with {:method=>:get}):
  

Rendering rescues/layout (not_found)


Processing GreetingController#index (for 127.0.0.1 at 2010-03-13 16:48:26) [GET]
  Parameters: {"id"=>"2"}
Completed in 2ms (View: 1, DB: 0) | 200 OK [http://localhost/greeting/index/2]


Processing GreetingController#index (for 127.0.0.1 at 2010-03-13 16:49:18) [GET]
Completed in 2ms (View: 1, DB: 0) | 200 OK [http://localhost/greeting]


Processing GreetingController#index (for 127.0.0.1 at 2010-03-13 16:49:22) [GET]
Completed in 2ms (View: 1, DB: 0) | 200 OK [http://localhost/greeting]


Processing GreetingController#index (for 127.0.0.1 at 2010-03-13 16:52:43) [GET]

ActionView::MissingTemplate (Missing template greeting/index.erb in view path app/views):
  

Rendering rescues/layout (internal_server_error)


Processing GreetingController#index (for 127.0.0.1 at 2010-03-13 16:59:30) [GET]
Completed in 2ms (View: 1, DB: 0) | 200 OK [http://localhost/greeting]


Processing GreetingController#index (for 127.0.0.1 at 2010-03-13 16:59:41) [GET]
Completed in 2ms (View: 1, DB: 0) | 200 OK [http://localhost/greeting]


Processing GreetingController#index (for 127.0.0.1 at 2010-03-13 17:00:08) [GET]

ActionView::MissingTemplate (Missing template greeting/index.erb in view path app/views):
  

Rendering rescues/layout (internal_server_error)


Processing GreetingController#index (for 127.0.0.1 at 2010-03-13 17:01:50) [GET]
Rendering greeting/index
Completed in 153ms (View: 151, DB: 0) | 200 OK [http://localhost/greeting]


Processing GreetingController#index (for 127.0.0.1 at 2010-03-13 17:02:40) [GET]
Rendering greeting/index
Completed in 3ms (View: 1, DB: 0) | 200 OK [http://localhost/greeting]


Processing GreetingController#index (for 127.0.0.1 at 2010-03-13 17:04:28) [GET]
Rendering greeting/index
Completed in 6ms (View: 4, DB: 0) | 200 OK [http://localhost/greeting]


Processing GreetingController#index (for 127.0.0.1 at 2010-03-13 19:22:44) [GET]
Rendering greeting/index
Completed in 53ms (View: 51, DB: 0) | 200 OK [http://localhost/greeting]


Processing GreetingController#index (for 127.0.0.1 at 2010-03-13 19:43:07) [GET]
Rendering greeting/index
Completed in 6ms (View: 5, DB: 0) | 200 OK [http://localhost/greeting]


Processing GreetingController#index (for 127.0.0.1 at 2010-03-13 19:43:53) [GET]
Rendering greeting/index
Completed in 7ms (View: 5, DB: 0) | 200 OK [http://localhost/greeting]


Processing GreetingController#index (for 127.0.0.1 at 2010-03-13 19:45:23) [GET]
Rendering greeting/index
Completed in 7ms (View: 6, DB: 0) | 200 OK [http://localhost/greeting]
